<?xml version="1.0" encoding="UTF-8"?>
<coverage generated="1608991128">
  <project timestamp="1608991128">
    <file name="/Users/builder/Sites/laravel-dom-pipeline/src/DomPipeline.php">
      <class name="BayAreaWebPro\DomPipeline\DomPipeline" namespace="global">
        <metrics complexity="1" methods="1" coveredmethods="1" conditionals="0" coveredconditionals="0" statements="1" coveredstatements="1" elements="2" coveredelements="2"/>
      </class>
      <line num="13" type="method" name="getFacadeAccessor" visibility="protected" complexity="1" crap="1" count="3"/>
      <line num="15" type="stmt" count="3"/>
      <metrics loc="17" ncloc="13" classes="1" methods="1" coveredmethods="1" conditionals="0" coveredconditionals="0" statements="1" coveredstatements="1" elements="2" coveredelements="2"/>
    </file>
    <file name="/Users/builder/Sites/laravel-dom-pipeline/src/DomPipelineService.php">
      <class name="BayAreaWebPro\DomPipeline\DomPipelineService" namespace="global">
        <metrics complexity="6" methods="5" coveredmethods="5" conditionals="0" coveredconditionals="0" statements="19" coveredstatements="19" elements="24" coveredelements="24"/>
      </class>
      <line num="28" type="method" name="make" visibility="public" complexity="1" crap="1" count="2"/>
      <line num="30" type="stmt" count="2"/>
      <line num="38" type="method" name="__construct" visibility="public" complexity="1" crap="1" count="5"/>
      <line num="40" type="stmt" count="5"/>
      <line num="41" type="stmt" count="5"/>
      <line num="42" type="stmt" count="5"/>
      <line num="49" type="method" name="process" visibility="protected" complexity="2" crap="2" count="2"/>
      <line num="51" type="stmt" count="2"/>
      <line num="53" type="stmt" count="1"/>
      <line num="54" type="stmt" count="1"/>
      <line num="55" type="stmt" count="1"/>
      <line num="56" type="stmt" count="1"/>
      <line num="57" type="stmt" count="1"/>
      <line num="58" type="stmt" count="1"/>
      <line num="59" type="stmt" count="1"/>
      <line num="67" type="method" name="getHtml" visibility="protected" complexity="1" crap="1" count="1"/>
      <line num="69" type="stmt" count="1"/>
      <line num="70" type="stmt" count="1"/>
      <line num="78" type="method" name="getDom" visibility="protected" complexity="1" crap="1" count="1"/>
      <line num="80" type="stmt" count="1"/>
      <line num="81" type="stmt" count="1"/>
      <line num="82" type="stmt" count="1"/>
      <line num="83" type="stmt" count="1"/>
      <line num="84" type="stmt" count="1"/>
      <metrics loc="86" ncloc="52" classes="1" methods="5" coveredmethods="5" conditionals="0" coveredconditionals="0" statements="19" coveredstatements="19" elements="24" coveredelements="24"/>
    </file>
    <file name="/Users/builder/Sites/laravel-dom-pipeline/src/DomPipelineServiceProvider.php">
      <class name="BayAreaWebPro\DomPipeline\DomPipelineServiceProvider" namespace="global">
        <metrics complexity="3" methods="3" coveredmethods="3" conditionals="0" coveredconditionals="0" statements="4" coveredstatements="4" elements="7" coveredelements="7"/>
      </class>
      <line num="12" type="method" name="boot" visibility="public" complexity="1" crap="1" count="7"/>
      <line num="15" type="stmt" count="7"/>
      <line num="20" type="method" name="register" visibility="public" complexity="1" crap="1" count="7"/>
      <line num="22" type="stmt" count="7"/>
      <line num="23" type="stmt" count="7"/>
      <line num="29" type="method" name="provides" visibility="public" complexity="1" crap="1" count="1"/>
      <line num="31" type="stmt" count="1"/>
      <metrics loc="33" ncloc="23" classes="1" methods="3" coveredmethods="3" conditionals="0" coveredconditionals="0" statements="4" coveredstatements="4" elements="7" coveredelements="7"/>
    </file>
    <metrics files="3" loc="136" ncloc="88" classes="3" methods="9" coveredmethods="9" conditionals="0" coveredconditionals="0" statements="24" coveredstatements="24" elements="33" coveredelements="33"/>
  </project>
</coverage>
